Rarefying training data at 1000
                                                R	         SM	    Unknown
..........   1 of   28, depth= 1000:  0.58 (0.02)	0.01 (0.00)	0.41 (0.02)
..........   2 of   28, depth= 1000:  0.17 (0.03)	0.71 (0.02)	0.13 (0.01)
..........   3 of   28, depth= 1000:  0.28 (0.02)	0.68 (0.02)	0.04 (0.00)
..........   4 of   28, depth= 1000:  0.96 (0.00)	0.01 (0.00)	0.03 (0.00)
..........   5 of   28, depth= 1000:  0.01 (0.00)	0.90 (0.00)	0.08 (0.00)
..........   6 of   28, depth= 1000:  0.16 (0.02)	0.82 (0.02)	0.02 (0.00)
..........   7 of   28, depth= 1000:  0.12 (0.01)	0.85 (0.01)	0.03 (0.00)
..........   8 of   28, depth= 1000:  0.01 (0.01)	0.92 (0.00)	0.07 (0.00)
..........   9 of   28, depth= 1000:  0.04 (0.01)	0.90 (0.01)	0.06 (0.01)
..........  10 of   28, depth= 1000:  0.03 (0.01)	0.92 (0.01)	0.05 (0.00)
..........  11 of   28, depth= 1000:  0.02 (0.00)	0.97 (0.00)	0.02 (0.00)
..........  12 of   28, depth= 1000:  0.03 (0.01)	0.96 (0.01)	0.01 (0.00)
..........  13 of   28, depth= 1000:  0.57 (0.02)	0.39 (0.02)	0.04 (0.00)
..........  14 of   28, depth= 1000:  0.02 (0.01)	0.96 (0.01)	0.02 (0.00)
..........  15 of   28, depth= 1000:  0.04 (0.01)	0.93 (0.01)	0.03 (0.00)
..........  16 of   28, depth= 1000:  0.05 (0.01)	0.92 (0.01)	0.03 (0.00)
..........  17 of   28, depth= 1000:  0.07 (0.01)	0.71 (0.01)	0.22 (0.00)
..........  18 of   28, depth= 1000:  0.05 (0.01)	0.93 (0.01)	0.02 (0.00)
..........  19 of   28, depth= 1000:  0.42 (0.02)	0.56 (0.02)	0.02 (0.00)
..........  20 of   28, depth= 1000:  0.01 (0.00)	0.97 (0.00)	0.02 (0.00)
..........  21 of   28, depth= 1000:  0.02 (0.01)	0.38 (0.01)	0.60 (0.01)
..........  22 of   28, depth= 1000:  0.14 (0.02)	0.84 (0.02)	0.02 (0.00)
..........  23 of   28, depth= 1000:  0.01 (0.01)	0.92 (0.01)	0.07 (0.00)
..........  24 of   28, depth= 1000:  0.03 (0.01)	0.92 (0.00)	0.05 (0.00)
..........  25 of   28, depth= 1000:  0.92 (0.01)	0.03 (0.01)	0.05 (0.00)
..........  26 of   28, depth= 1000:  0.01 (0.00)	0.93 (0.00)	0.06 (0.00)
..........  27 of   28, depth= 1000:  0.03 (0.01)	0.90 (0.01)	0.07 (0.00)
..........  28 of   28, depth= 1000:  0.05 (0.01)	0.81 (0.01)	0.13 (0.01)
ndraws=10, V=3, T=10149, N=23
Rarefying training data at 1000
..........   1 of   23, depth= 1000:  1.00 (0.00)	0.00 (0.00)	0.00 (0.00)
Rarefying training data at 1000
..........   2 of   23, depth= 1000:  0.99 (0.00)	0.00 (0.00)	0.00 (0.00)
Rarefying training data at 1000
..........   3 of   23, depth= 1000:  0.99 (0.00)	0.01 (0.00)	0.00 (0.00)
Rarefying training data at 1000
..........   4 of   23, depth= 1000:  0.99 (0.00)	0.00 (0.00)	0.01 (0.00)
Rarefying training data at 1000
..........   5 of   23, depth= 1000:  0.97 (0.02)	0.03 (0.02)	0.00 (0.00)
Rarefying training data at 1000
..........   6 of   23, depth= 1000:  1.00 (0.00)	0.00 (0.00)	0.00 (0.00)
Rarefying training data at 1000
..........   7 of   23, depth= 1000:  0.99 (0.00)	0.01 (0.00)	0.00 (0.00)
Rarefying training data at 1000
..........   8 of   23, depth= 1000:  0.01 (0.00)	0.99 (0.00)	0.00 (0.00)
Rarefying training data at 1000
..........   9 of   23, depth= 1000:  0.95 (0.01)	0.04 (0.01)	0.00 (0.00)
Rarefying training data at 1000
..........  10 of   23, depth= 1000:  0.01 (0.00)	0.99 (0.00)	0.00 (0.00)
Rarefying training data at 1000
..........  11 of   23, depth= 1000:  0.60 (0.02)	0.40 (0.02)	0.00 (0.00)
Rarefying training data at 1000
..........  12 of   23, depth= 1000:  0.01 (0.00)	0.99 (0.00)	0.00 (0.00)
Rarefying training data at 1000
..........  13 of   23, depth= 1000:  0.65 (0.02)	0.34 (0.02)	0.00 (0.00)
Rarefying training data at 1000
..........  14 of   23, depth= 1000:  0.01 (0.00)	0.99 (0.00)	0.00 (0.00)
Rarefying training data at 1000
..........  15 of   23, depth= 1000:  0.90 (0.02)	0.10 (0.02)	0.00 (0.00)
Rarefying training data at 1000
..........  16 of   23, depth= 1000:  0.01 (0.00)	0.99 (0.00)	0.00 (0.00)
Rarefying training data at 1000
..........  17 of   23, depth= 1000:  0.90 (0.01)	0.10 (0.01)	0.00 (0.00)
Rarefying training data at 1000
..........  18 of   23, depth= 1000:  0.01 (0.00)	0.99 (0.00)	0.00 (0.00)
Rarefying training data at 1000
..........  19 of   23, depth= 1000:  0.35 (0.02)	0.65 (0.02)	0.00 (0.00)
Rarefying training data at 1000
..........  20 of   23, depth= 1000:  0.01 (0.00)	0.99 (0.00)	0.00 (0.00)
Rarefying training data at 1000
..........  21 of   23, depth= 1000:  0.89 (0.01)	0.10 (0.01)	0.00 (0.00)
Rarefying training data at 1000
..........  22 of   23, depth= 1000:  0.01 (0.01)	0.99 (0.01)	0.00 (0.00)
Rarefying training data at 1000
..........  23 of   23, depth= 1000:  0.43 (0.01)	0.57 (0.01)	0.01 (0.00)

real	150m34.320s
user	149m26.117s
sys	0m58.860s
